The system is: Windows - 10.0.17134 - AMD64
Compiling the C compiler identification source file "CMakeCCompilerId.c" succeeded.
Compiler: C:/Program Files (x86)/Microsoft Visual Studio/2017/Enterprise/VC/Tools/MSVC/14.14.26428/bin/Hostx86/x86/cl.exe 
Build flags: 
Id flags:  

The output was:
0
Microsoft (R) C/C++ Optimizing Compiler Version 19.14.26429.4 for x86
Copyright (C) Microsoft Corporation.  All rights reserved.

CMakeCCompilerId.c
Microsoft (R) Incremental Linker Version 14.14.26429.4
Copyright (C) Microsoft Corporation.  All rights reserved.

/out:CMakeCCompilerId.exe 
CMakeCCompilerId.obj 


Compilation of the C compiler identification source "CMakeCCompilerId.c" produced "CMakeCCompilerId.exe"

Compilation of the C compiler identification source "CMakeCCompilerId.c" produced "CMakeCCompilerId.obj"

The C compiler identification is MSVC, found in "C:/Users/Kyle/CLionProjects/CS261_Assingment1/cmake-build-debug/CMakeFiles/3.10.3/CompilerIdC/CMakeCCompilerId.exe"

Determining if the C compiler works passed with the following output:
Change Dir: C:/Users/Kyle/CLionProjects/CS261_Assingment1/cmake-build-debug/CMakeFiles/CMakeTmp

Run Build Command:"nmake" "/NOLOGO" "cmTC_6ae2b\fast"
	"C:\Program Files (x86)\Microsoft Visual Studio\2017\Enterprise\VC\Tools\MSVC\14.14.26428\bin\HostX86\x86\nmake.exe" -f CMakeFiles\cmTC_6ae2b.dir\build.make /nologo -L                  CMakeFiles\cmTC_6ae2b.dir\build
Building C object CMakeFiles/cmTC_6ae2b.dir/testCCompiler.c.obj
	C:\PROGRA~2\MICROS~2\2017\ENTERP~1\VC\Tools\MSVC\1414~1.264\bin\Hostx86\x86\cl.exe @C:\Users\Kyle\AppData\Local\Temp\nm45E7.tmp
testCCompiler.c
Linking C executable cmTC_6ae2b.exe
	"C:\Program Files\JetBrains\CLion 2018.1.5\bin\cmake\bin\cmake.exe" -E vs_link_exe --intdir=CMakeFiles\cmTC_6ae2b.dir --manifests  -- C:\PROGRA~2\MICROS~2\2017\ENTERP~1\VC\Tools\MSVC\1414~1.264\bin\Hostx86\x86\link.exe /nologo @CMakeFiles\cmTC_6ae2b.dir\objects1.rsp @C:\Users\Kyle\AppData\Local\Temp\nm4859.tmp


Detecting C compiler ABI info compiled with the following output:
Change Dir: C:/Users/Kyle/CLionProjects/CS261_Assingment1/cmake-build-debug/CMakeFiles/CMakeTmp

Run Build Command:"nmake" "/NOLOGO" "cmTC_273b8\fast"
	"C:\Program Files (x86)\Microsoft Visual Studio\2017\Enterprise\VC\Tools\MSVC\14.14.26428\bin\HostX86\x86\nmake.exe" -f CMakeFiles\cmTC_273b8.dir\build.make /nologo -L                  CMakeFiles\cmTC_273b8.dir\build
Building C object CMakeFiles/cmTC_273b8.dir/CMakeCCompilerABI.c.obj
	C:\PROGRA~2\MICROS~2\2017\ENTERP~1\VC\Tools\MSVC\1414~1.264\bin\Hostx86\x86\cl.exe @C:\Users\Kyle\AppData\Local\Temp\nm4F2E.tmp
CMakeCCompilerABI.c
Linking C executable cmTC_273b8.exe
	"C:\Program Files\JetBrains\CLion 2018.1.5\bin\cmake\bin\cmake.exe" -E vs_link_exe --intdir=CMakeFiles\cmTC_273b8.dir --manifests  -- C:\PROGRA~2\MICROS~2\2017\ENTERP~1\VC\Tools\MSVC\1414~1.264\bin\Hostx86\x86\link.exe /nologo @CMakeFiles\cmTC_273b8.dir\objects1.rsp @C:\Users\Kyle\AppData\Local\Temp\nm5096.tmp


