The system is: Windows - 10.0.17134 - AMD64
Compiling the C compiler identification source file "CMakeCCompilerId.c" succeeded.
Compiler: C:/Program Files (x86)/Microsoft Visual Studio/2017/Community/VC/Tools/MSVC/14.14.26428/bin/Hostx86/x86/cl.exe 
Build flags: 
Id flags:  

The output was:
0
Microsoft (R) C/C++ Optimizing Compiler Version 19.14.26433 for x86
Copyright (C) Microsoft Corporation.  All rights reserved.

CMakeCCompilerId.c
Microsoft (R) Incremental Linker Version 14.14.26433.0
Copyright (C) Microsoft Corporation.  All rights reserved.

/out:CMakeCCompilerId.exe 
CMakeCCompilerId.obj 


Compilation of the C compiler identification source "CMakeCCompilerId.c" produced "CMakeCCompilerId.exe"

Compilation of the C compiler identification source "CMakeCCompilerId.c" produced "CMakeCCompilerId.obj"

The C compiler identification is MSVC, found in "C:/Users/Kyle/CLionProjects/CS261_Assignment3_Part3/cmake-build-debug/CMakeFiles/3.12.0/CompilerIdC/CMakeCCompilerId.exe"

Determining if the C compiler works passed with the following output:
Change Dir: C:/Users/Kyle/CLionProjects/CS261_Assignment3_Part3/cmake-build-debug/CMakeFiles/CMakeTmp

Run Build Command:"nmake" "/nologo" "cmTC_c4345\fast"
	"C:\Program Files (x86)\Microsoft Visual Studio\2017\Community\VC\Tools\MSVC\14.14.26428\bin\HostX86\x86\nmake.exe" -f CMakeFiles\cmTC_c4345.dir\build.make /nologo -L                  CMakeFiles\cmTC_c4345.dir\build
Building C object CMakeFiles/cmTC_c4345.dir/testCCompiler.c.obj
	C:\PROGRA~2\MICROS~2\2017\COMMUN~1\VC\Tools\MSVC\1414~1.264\bin\Hostx86\x86\cl.exe @C:\Users\Kyle\AppData\Local\Temp\nmA8E0.tmp
testCCompiler.c
Linking C executable cmTC_c4345.exe
	"C:\Program Files\JetBrains\CLion 2018.2\bin\cmake\win\bin\cmake.exe" -E vs_link_exe --intdir=CMakeFiles\cmTC_c4345.dir --manifests  -- C:\PROGRA~2\MICROS~2\2017\COMMUN~1\VC\Tools\MSVC\1414~1.264\bin\Hostx86\x86\link.exe /nologo @CMakeFiles\cmTC_c4345.dir\objects1.rsp @C:\Users\Kyle\AppData\Local\Temp\nmAB62.tmp


Detecting C compiler ABI info compiled with the following output:
Change Dir: C:/Users/Kyle/CLionProjects/CS261_Assignment3_Part3/cmake-build-debug/CMakeFiles/CMakeTmp

Run Build Command:"nmake" "/nologo" "cmTC_4478b\fast"
	"C:\Program Files (x86)\Microsoft Visual Studio\2017\Community\VC\Tools\MSVC\14.14.26428\bin\HostX86\x86\nmake.exe" -f CMakeFiles\cmTC_4478b.dir\build.make /nologo -L                  CMakeFiles\cmTC_4478b.dir\build
Building C object CMakeFiles/cmTC_4478b.dir/CMakeCCompilerABI.c.obj
	C:\PROGRA~2\MICROS~2\2017\COMMUN~1\VC\Tools\MSVC\1414~1.264\bin\Hostx86\x86\cl.exe @C:\Users\Kyle\AppData\Local\Temp\nmAF97.tmp
CMakeCCompilerABI.c
Linking C executable cmTC_4478b.exe
	"C:\Program Files\JetBrains\CLion 2018.2\bin\cmake\win\bin\cmake.exe" -E vs_link_exe --intdir=CMakeFiles\cmTC_4478b.dir --manifests  -- C:\PROGRA~2\MICROS~2\2017\COMMUN~1\VC\Tools\MSVC\1414~1.264\bin\Hostx86\x86\link.exe /nologo @CMakeFiles\cmTC_4478b.dir\objects1.rsp @C:\Users\Kyle\AppData\Local\Temp\nmB073.tmp




Detecting C [] compiler features compiled with the following output:
Change Dir: C:/Users/Kyle/CLionProjects/CS261_Assignment3_Part3/cmake-build-debug/CMakeFiles/CMakeTmp

Run Build Command:"nmake" "/nologo" "cmTC_0d63d\fast"
	"C:\Program Files (x86)\Microsoft Visual Studio\2017\Community\VC\Tools\MSVC\14.14.26428\bin\HostX86\x86\nmake.exe" -f CMakeFiles\cmTC_0d63d.dir\build.make /nologo -L                  CMakeFiles\cmTC_0d63d.dir\build
Building C object CMakeFiles/cmTC_0d63d.dir/feature_tests.c.obj
	C:\PROGRA~2\MICROS~2\2017\COMMUN~1\VC\Tools\MSVC\1414~1.264\bin\Hostx86\x86\cl.exe @C:\Users\Kyle\AppData\Local\Temp\nmB479.tmp
feature_tests.c
Linking C executable cmTC_0d63d.exe
	"C:\Program Files\JetBrains\CLion 2018.2\bin\cmake\win\bin\cmake.exe" -E vs_link_exe --intdir=CMakeFiles\cmTC_0d63d.dir --manifests  -- C:\PROGRA~2\MICROS~2\2017\COMMUN~1\VC\Tools\MSVC\1414~1.264\bin\Hostx86\x86\link.exe /nologo @CMakeFiles\cmTC_0d63d.dir\objects1.rsp @C:\Users\Kyle\AppData\Local\Temp\nmB535.tmp


    Feature record: C_FEATURE:1c_function_prototypes
    Feature record: C_FEATURE:1c_variadic_macros
